2017-08-22 14:50:22,888 INFO o.a.j.u.JMeterUtils: Setting Locale to zh_CN
2017-08-22 14:50:22,917 INFO o.a.j.JMeter: Loading user properties from: D:\jmeter\jmeter3.2\bin\user.properties
2017-08-22 14:50:22,930 INFO o.a.j.JMeter: Loading system properties from: D:\jmeter\jmeter3.2\bin\system.properties
2017-08-22 14:50:22,945 INFO o.a.j.JMeter: Copyright (c) 1998-2017 The Apache Software Foundation
2017-08-22 14:50:22,945 INFO o.a.j.JMeter: Version 3.2 r1790748
2017-08-22 14:50:22,945 INFO o.a.j.JMeter: java.version=1.8.0_131
2017-08-22 14:50:22,945 INFO o.a.j.JMeter: java.vm.name=Java HotSpot(TM) 64-Bit Server VM
2017-08-22 14:50:22,945 INFO o.a.j.JMeter: os.name=Windows 10
2017-08-22 14:50:22,945 INFO o.a.j.JMeter: os.arch=amd64
2017-08-22 14:50:22,945 INFO o.a.j.JMeter: os.version=10.0
2017-08-22 14:50:22,945 INFO o.a.j.JMeter: file.encoding=GBK
2017-08-22 14:50:22,945 INFO o.a.j.JMeter: Max memory     =536870912
2017-08-22 14:50:22,946 INFO o.a.j.JMeter: Available Processors =4
2017-08-22 14:50:22,970 INFO o.a.j.JMeter: Default Locale=中文 (中国)
2017-08-22 14:50:22,971 INFO o.a.j.JMeter: JMeter  Locale=中文 (中国)
2017-08-22 14:50:22,971 INFO o.a.j.JMeter: JMeterHome=D:\jmeter\jmeter3.2
2017-08-22 14:50:22,971 INFO o.a.j.JMeter: user.dir  =F:\prm-interface
2017-08-22 14:50:22,971 INFO o.a.j.JMeter: PWD       =F:\prm-interface
2017-08-22 14:50:22,973 INFO o.a.j.JMeter: IP: 192.168.6.214 Name: DESKTOP-3NSTGEB FullName: DESKTOP-3NSTGEB
2017-08-22 14:50:23,668 INFO o.a.j.g.a.LookAndFeelCommand: Using look and feel: javax.swing.plaf.metal.MetalLookAndFeel [Metal, CrossPlatform]
2017-08-22 14:50:23,684 INFO o.a.j.JMeter: Loaded icon properties from org/apache/jmeter/images/icon.properties
2017-08-22 14:50:24,742 INFO o.a.j.e.u.CompoundVariable: Note: Function class names must contain the string: '.functions.'
2017-08-22 14:50:24,742 INFO o.a.j.e.u.CompoundVariable: Note: Function class names must not contain the string: '.gui.'
2017-08-22 14:50:29,247 INFO o.j.r.PluginManager: Plugins Status: [jpgc-json=2.6, jpgc-plugins-manager=0.12, jmeter-core=3.2, jmeter-ftp=3.2, jmeter-http=3.2, jmeter-jdbc=3.2, jmeter-jms=3.2, jmeter-junit=3.2, jmeter-java=3.2, jmeter-ldap=3.2, jmeter-mail=3.2, jmeter-mongodb=3.2, jmeter-native=3.2, jmeter-tcp=3.2, jmeter-components=3.2]
2017-08-22 14:50:29,829 INFO o.a.j.g.u.MenuFactory: Skipping org.apache.jmeter.assertions.BSFAssertion
2017-08-22 14:50:30,433 INFO o.a.j.g.u.MenuFactory: Skipping org.apache.jmeter.extractor.BSFPostProcessor
2017-08-22 14:50:30,465 INFO o.a.j.g.u.MenuFactory: Skipping org.apache.jmeter.modifiers.BSFPreProcessor
2017-08-22 14:50:30,491 INFO o.a.j.p.h.s.HTTPSamplerBase: Parser for text/html is org.apache.jmeter.protocol.http.parser.LagartoBasedHtmlParser
2017-08-22 14:50:30,492 INFO o.a.j.p.h.s.HTTPSamplerBase: Parser for application/xhtml+xml is org.apache.jmeter.protocol.http.parser.LagartoBasedHtmlParser
2017-08-22 14:50:30,492 INFO o.a.j.p.h.s.HTTPSamplerBase: Parser for application/xml is org.apache.jmeter.protocol.http.parser.LagartoBasedHtmlParser
2017-08-22 14:50:30,492 INFO o.a.j.p.h.s.HTTPSamplerBase: Parser for text/xml is org.apache.jmeter.protocol.http.parser.LagartoBasedHtmlParser
2017-08-22 14:50:30,492 INFO o.a.j.p.h.s.HTTPSamplerBase: Parser for text/vnd.wap.wml is org.apache.jmeter.protocol.http.parser.RegexpHTMLParser
2017-08-22 14:50:30,492 INFO o.a.j.p.h.s.HTTPSamplerBase: Parser for text/css is org.apache.jmeter.protocol.http.parser.CssParser
2017-08-22 14:50:31,643 INFO o.a.j.e.KeyToolUtils: keytool found at 'keytool'
2017-08-22 14:50:31,644 INFO o.a.j.p.h.p.ProxyControl: HTTP(S) Test Script Recorder SSL Proxy will use keys that support embedded 3rd party resources in file D:\jmeter\jmeter3.2\bin\proxyserver.jks
2017-08-22 14:50:31,827 INFO o.a.j.g.u.MenuFactory: Skipping org.apache.jmeter.protocol.java.sampler.BSFSampler
2017-08-22 14:50:31,865 INFO o.a.j.s.FileServer: Default base='F:\prm-interface'
2017-08-22 14:50:31,939 INFO o.a.j.g.u.MenuFactory: Skipping org.apache.jmeter.protocol.mongodb.config.MongoSourceElement
2017-08-22 14:50:31,939 INFO o.a.j.g.u.MenuFactory: Skipping org.apache.jmeter.protocol.mongodb.sampler.MongoScriptSampler
2017-08-22 14:50:32,668 INFO o.a.j.g.u.MenuFactory: Skipping org.apache.jmeter.timers.BSFTimer
2017-08-22 14:50:32,708 INFO o.a.j.g.u.MenuFactory: Skipping org.apache.jmeter.visualizers.BSFListener
2017-08-22 14:50:32,912 INFO o.a.j.s.SampleResult: Note: Sample TimeStamps are START times
2017-08-22 14:50:32,912 INFO o.a.j.s.SampleResult: sampleresult.default.encoding is set to ISO-8859-1
2017-08-22 14:50:32,912 INFO o.a.j.s.SampleResult: sampleresult.useNanoTime=true
2017-08-22 14:50:32,912 INFO o.a.j.s.SampleResult: sampleresult.nanoThreadSleep=5000
2017-08-22 14:51:19,906 INFO o.a.j.g.a.Load: Loading file: F:\prm-interface\scripts\prm性能测试接口.jmx
2017-08-22 14:51:19,906 INFO o.a.j.s.FileServer: Set new base='F:\prm-interface\scripts'
2017-08-22 14:51:20,017 INFO o.a.j.s.SaveService: Testplan (JMX) version: 2.2. Testlog (JTL) version: 2.2
2017-08-22 14:51:20,028 INFO o.a.j.s.SaveService: Using SaveService properties file encoding UTF-8
2017-08-22 14:51:20,030 INFO o.a.j.s.SaveService: Using SaveService properties version 3.2
2017-08-22 14:51:20,032 INFO o.a.j.s.SaveService: Loading file: F:\prm-interface\scripts\prm性能测试接口.jmx
2017-08-22 14:51:20,202 INFO o.a.j.s.FileServer: Set new base='F:\prm-interface\scripts'
